[debug] [2022-03-15T02:08:52.364Z] ----------------------------------------------------------------------
[debug] [2022-03-15T02:08:52.365Z] Command:       /Users/okabekaito/.nodebrew/node/v16.13.1/bin/node /Users/okabekaito/.nodebrew/current/bin/firebase deploy
[debug] [2022-03-15T02:08:52.366Z] CLI Version:   10.2.1
[debug] [2022-03-15T02:08:52.366Z] Platform:      darwin
[debug] [2022-03-15T02:08:52.366Z] Node Version:  v16.13.1
[debug] [2022-03-15T02:08:52.370Z] Time:          Tue Mar 15 2022 11:08:52 GMT+0900 (日本標準時)
[debug] [2022-03-15T02:08:52.370Z] ----------------------------------------------------------------------
[debug] 
[debug] [2022-03-15T02:08:52.373Z] >>> [apiv2][query] GET https://firebase-public.firebaseio.com/cli.json [none]
[debug] [2022-03-15T02:08:52.460Z] > command requires scopes: ["email","openid","https://www.googleapis.com/auth/cloudplatformprojects.readonly","https://www.googleapis.com/auth/firebase","https://www.googleapis.com/auth/cloud-platform"]
[debug] [2022-03-15T02:08:52.460Z] > authorizing via signed-in user (kaito19991204@gmail.com)
[debug] [2022-03-15T02:08:52.460Z] [iam] checking project portfolio-121c9 for permissions ["cloudfunctions.functions.create","cloudfunctions.functions.delete","cloudfunctions.functions.get","cloudfunctions.functions.list","cloudfunctions.functions.update","cloudfunctions.operations.get","datastore.indexes.create","datastore.indexes.delete","datastore.indexes.list","datastore.indexes.update","firebase.projects.get","firebasehosting.sites.update"]
[debug] [2022-03-15T02:08:52.461Z] > refreshing access token with scopes: []
[debug] [2022-03-15T02:08:52.461Z] >>> HTTP REQUEST POST https://www.googleapis.com/oauth2/v3/token  
 <request body omitted>
[debug] [2022-03-15T02:08:52.656Z] <<< HTTP RESPONSE 200 {"expires":"Mon, 01 Jan 1990 00:00:00 GMT","cache-control":"no-cache, no-store, max-age=0, must-revalidate","pragma":"no-cache","date":"Tue, 15 Mar 2022 02:08:52 GMT","content-type":"application/json; charset=utf-8","vary":"X-Origin, Referer, Origin,Accept-Encoding","server":"scaffolding on HTTPServer2","x-xss-protection":"0","x-frame-options":"SAMEORIGIN","x-content-type-options":"nosniff","alt-svc":"h3=\":443\"; ma=2592000,h3-29=\":443\"; ma=2592000,h3-Q050=\":443\"; ma=2592000,h3-Q046=\":443\"; ma=2592000,h3-Q043=\":443\"; ma=2592000,quic=\":443\"; ma=2592000; v=\"46,43\"","accept-ranges":"none","transfer-encoding":"chunked"}
[debug] [2022-03-15T02:08:52.703Z] >>> [apiv2][query] POST https://cloudresourcemanager.googleapis.com/v1/projects/portfolio-121c9:testIamPermissions [none]
[debug] [2022-03-15T02:08:52.704Z] >>> [apiv2][body] POST https://cloudresourcemanager.googleapis.com/v1/projects/portfolio-121c9:testIamPermissions {"permissions":["cloudfunctions.functions.create","cloudfunctions.functions.delete","cloudfunctions.functions.get","cloudfunctions.functions.list","cloudfunctions.functions.update","cloudfunctions.operations.get","datastore.indexes.create","datastore.indexes.delete","datastore.indexes.list","datastore.indexes.update","firebase.projects.get","firebasehosting.sites.update"]}
[debug] [2022-03-15T02:08:52.956Z] <<< [apiv2][status] GET https://firebase-public.firebaseio.com/cli.json 200
[debug] [2022-03-15T02:08:52.957Z] <<< [apiv2][body] GET https://firebase-public.firebaseio.com/cli.json {"cloudBuildErrorAfter":1594252800000,"cloudBuildWarnAfter":1590019200000,"defaultNode10After":1594252800000,"minVersion":"3.0.5","node8DeploysDisabledAfter":1613390400000,"node8RuntimeDisabledAfter":1615809600000,"node8WarnAfter":1600128000000}
[debug] [2022-03-15T02:08:53.394Z] <<< [apiv2][status] POST https://cloudresourcemanager.googleapis.com/v1/projects/portfolio-121c9:testIamPermissions 200
[debug] [2022-03-15T02:08:53.394Z] <<< [apiv2][body] POST https://cloudresourcemanager.googleapis.com/v1/projects/portfolio-121c9:testIamPermissions {"permissions":["cloudfunctions.functions.create","cloudfunctions.functions.delete","cloudfunctions.functions.get","cloudfunctions.functions.list","cloudfunctions.functions.update","cloudfunctions.operations.get","datastore.indexes.create","datastore.indexes.delete","datastore.indexes.list","datastore.indexes.update","firebase.projects.get","firebasehosting.sites.update"]}
[debug] [2022-03-15T02:08:53.394Z] >>> [apiv2][query] POST https://iam.googleapis.com/v1/projects/portfolio-121c9/serviceAccounts/portfolio-121c9@appspot.gserviceaccount.com:testIamPermissions [none]
[debug] [2022-03-15T02:08:53.394Z] >>> [apiv2][body] POST https://iam.googleapis.com/v1/projects/portfolio-121c9/serviceAccounts/portfolio-121c9@appspot.gserviceaccount.com:testIamPermissions {"permissions":["iam.serviceAccounts.actAs"]}
[debug] [2022-03-15T02:08:54.149Z] <<< [apiv2][status] POST https://iam.googleapis.com/v1/projects/portfolio-121c9/serviceAccounts/portfolio-121c9@appspot.gserviceaccount.com:testIamPermissions 200
[debug] [2022-03-15T02:08:54.149Z] <<< [apiv2][body] POST https://iam.googleapis.com/v1/projects/portfolio-121c9/serviceAccounts/portfolio-121c9@appspot.gserviceaccount.com:testIamPermissions {"permissions":["iam.serviceAccounts.actAs"]}
[debug] [2022-03-15T02:08:54.150Z] >>> [apiv2][query] GET https://firebase.googleapis.com/v1beta1/projects/portfolio-121c9 [none]
[debug] [2022-03-15T02:08:54.539Z] <<< [apiv2][status] GET https://firebase.googleapis.com/v1beta1/projects/portfolio-121c9 200
[debug] [2022-03-15T02:08:54.539Z] <<< [apiv2][body] GET https://firebase.googleapis.com/v1beta1/projects/portfolio-121c9 {"projectId":"portfolio-121c9","projectNumber":"942058206574","displayName":"portfolio","name":"projects/portfolio-121c9","resources":{"hostingSite":"portfolio-121c9","storageBucket":"portfolio-121c9.appspot.com","locationId":"asia-northeast1"},"state":"ACTIVE"}
[info] 
[info] === Deploying to 'portfolio-121c9'...
[info] 
[info] i  deploying firestore, functions, hosting 
[info] Running command: npm --prefix "$RESOURCE_DIR" run lint
[info] Running command: npm --prefix "$RESOURCE_DIR" run build
[info] ✔  functions: Finished running predeploy script. 
[info] i  firestore: reading indexes from firestore.indexes.json... 
[info] i  cloud.firestore: checking firestore.rules for compilation errors... 
[debug] [2022-03-15T02:09:05.097Z] >>> [apiv2][query] POST https://firebaserules.googleapis.com/v1/projects/portfolio-121c9:test [none]
[debug] [2022-03-15T02:09:05.097Z] >>> [apiv2][body] POST https://firebaserules.googleapis.com/v1/projects/portfolio-121c9:test [omitted]
